  [4;35;1mSQL (0.0ms)[0m   [0mSET NAMES 'utf8'[0m
  [4;36;1mSQL (0.0ms)[0m   [0;1mSET SQL_AUTO_IS_NULL=0[0m


Processing AdministratorController#index (for 127.0.0.1 at 2010-03-19 18:51:39) [POST]
  Parameters: {"authenticity_token"=>"FiZojMGNtmVrFxQETbAdLMvXiF78/WXj8HDRqbKScQw=", "_"=>""}
Rendering administrator/index
Completed in 16ms (View: 0, DB: 16) | 200 OK [http://localhost/administrator]
  [4;35;1mSQL (0.0ms)[0m   [0mSET NAMES 'utf8'[0m
  [4;36;1mSQL (0.0ms)[0m   [0;1mSET SQL_AUTO_IS_NULL=0[0m


Processing ProjectsController#index (for 127.0.0.1 at 2010-03-19 18:51:39) [GET]
  Parameters: {"authenticity_token"=>"FiZojMGNtmVrFxQETbAdLMvXiF78/WXj8HDRqbKScQw="}
  [4;35;1mProject Load (0.0ms)[0m   [0mSELECT * FROM `projects` WHERE (project_name != ':public') ORDER BY project_name LIMIT 0, 12[0m
Rendering template within layouts/board_content
Rendering projects/index
  [4;36;1mProject Columns (16.0ms)[0m   [0;1mSHOW FIELDS FROM `projects`[0m
Completed in 47ms (View: 15, DB: 16) | 200 OK [http://localhost/projects?authenticity_token=FiZojMGNtmVrFxQETbAdLMvXiF78%2FWXj8HDRqbKScQw%3D]
  [4;35;1mSQL (0.0ms)[0m   [0mSET NAMES 'utf8'[0m
  [4;36;1mSQL (0.0ms)[0m   [0;1mSET SQL_AUTO_IS_NULL=0[0m


Processing ContactListController#index (for 127.0.0.1 at 2010-03-19 18:51:41) [POST]
  Parameters: {"authenticity_token"=>"FiZojMGNtmVrFxQETbAdLMvXiF78/WXj8HDRqbKScQw=", "_"=>""}
Rendering contact_list/index
Completed in 0ms (View: 0, DB: 0) | 200 OK [http://localhost/contact_list]
  [4;35;1mSQL (0.0ms)[0m   [0mSET NAMES 'utf8'[0m
  [4;36;1mSQL (0.0ms)[0m   [0;1mSET SQL_AUTO_IS_NULL=0[0m


Processing StaffsController#index (for 127.0.0.1 at 2010-03-19 18:51:41) [GET]
  Parameters: {"authenticity_token"=>"FiZojMGNtmVrFxQETbAdLMvXiF78/WXj8HDRqbKScQw="}
  [4;35;1mProject Load (0.0ms)[0m   [0mSELECT * FROM `projects` WHERE (project_name != ':public') LIMIT 1[0m
  [4;36;1mProject Columns (0.0ms)[0m   [0;1mSHOW FIELDS FROM `projects`[0m
  [4;35;1mGroup Columns (16.0ms)[0m   [0mSHOW FIELDS FROM `groups`[0m
  [4;36;1mSQL (0.0ms)[0m   [0;1mSELECT count(*) AS count_all FROM `groups` WHERE (`groups`.project_id = 1) [0m
  [4;35;1mGroup Load (0.0ms)[0m   [0mSELECT * FROM `groups` WHERE (`groups`.project_id = 1) [0m
  [4;36;1mStaff Load (0.0ms)[0m   [0;1mSELECT * FROM `staffs` WHERE (group_id IN(1)) ORDER BY en_firstname LIMIT 0, 12[0m
Rendering template within layouts/board_content
Rendering staffs/index
  [4;35;1mStaff Columns (15.0ms)[0m   [0mSHOW FIELDS FROM `staffs`[0m
Completed in 78ms (View: 16, DB: 31) | 200 OK [http://localhost/staffs?authenticity_token=FiZojMGNtmVrFxQETbAdLMvXiF78%2FWXj8HDRqbKScQw%3D]
  [4;36;1mSQL (0.0ms)[0m   [0;1mSET NAMES 'utf8'[0m
  [4;35;1mSQL (0.0ms)[0m   [0mSET SQL_AUTO_IS_NULL=0[0m


Processing AdministratorController#index (for 127.0.0.1 at 2010-03-19 18:51:51) [POST]
  Parameters: {"authenticity_token"=>"FiZojMGNtmVrFxQETbAdLMvXiF78/WXj8HDRqbKScQw=", "_"=>""}
Rendering administrator/index
Completed in 15ms (View: 15, DB: 0) | 200 OK [http://localhost/administrator]
  [4;36;1mSQL (0.0ms)[0m   [0;1mSET NAMES 'utf8'[0m
  [4;35;1mSQL (0.0ms)[0m   [0mSET SQL_AUTO_IS_NULL=0[0m


Processing ProjectsController#index (for 127.0.0.1 at 2010-03-19 18:51:51) [GET]
  Parameters: {"authenticity_token"=>"FiZojMGNtmVrFxQETbAdLMvXiF78/WXj8HDRqbKScQw="}
  [4;36;1mProject Load (0.0ms)[0m   [0;1mSELECT * FROM `projects` WHERE (project_name != ':public') ORDER BY project_name LIMIT 0, 12[0m
Rendering template within layouts/board_content
Rendering projects/index
  [4;35;1mProject Columns (16.0ms)[0m   [0mSHOW FIELDS FROM `projects`[0m
Completed in 47ms (View: 15, DB: 16) | 200 OK [http://localhost/projects?authenticity_token=FiZojMGNtmVrFxQETbAdLMvXiF78%2FWXj8HDRqbKScQw%3D]
  [4;36;1mSQL (0.0ms)[0m   [0;1mSET NAMES 'utf8'[0m
  [4;35;1mSQL (0.0ms)[0m   [0mSET SQL_AUTO_IS_NULL=0[0m


Processing GroupsController#index (for 127.0.0.1 at 2010-03-19 18:51:52) [GET]
  Parameters: {"authenticity_token"=>"FiZojMGNtmVrFxQETbAdLMvXiF78/WXj8HDRqbKScQw="}
  [4;36;1mGroup Load (0.0ms)[0m   [0;1mSELECT * FROM `groups` WHERE (group_name != ':public') ORDER BY group_name LIMIT 0, 12[0m
  [4;35;1mGroup Columns (0.0ms)[0m   [0mSHOW FIELDS FROM `groups`[0m
  [4;36;1mProject Columns (0.0ms)[0m   [0;1mSHOW FIELDS FROM `projects`[0m
  [4;35;1mProject Load (0.0ms)[0m   [0mSELECT * FROM `projects` WHERE (`projects`.`id` = 1) [0m
Rendering template within layouts/board_content
Rendering groups/index
Completed in 63ms (View: 16, DB: 0) | 200 OK [http://localhost/groups?authenticity_token=FiZojMGNtmVrFxQETbAdLMvXiF78%2FWXj8HDRqbKScQw%3D]
  [4;36;1mSQL (0.0ms)[0m   [0;1mSET NAMES 'utf8'[0m
  [4;35;1mSQL (0.0ms)[0m   [0mSET SQL_AUTO_IS_NULL=0[0m


Processing AdministratorController#index (for 127.0.0.1 at 2010-03-19 18:53:24) [POST]
  Parameters: {"authenticity_token"=>"FiZojMGNtmVrFxQETbAdLMvXiF78/WXj8HDRqbKScQw=", "_"=>""}
Rendering administrator/index
Completed in 94ms (View: 94, DB: 0) | 200 OK [http://localhost/administrator]
  [4;36;1mSQL (0.0ms)[0m   [0;1mSET NAMES 'utf8'[0m
  [4;35;1mSQL (0.0ms)[0m   [0mSET SQL_AUTO_IS_NULL=0[0m


Processing ProjectsController#index (for 127.0.0.1 at 2010-03-19 18:53:24) [GET]
  Parameters: {"authenticity_token"=>"FiZojMGNtmVrFxQETbAdLMvXiF78/WXj8HDRqbKScQw="}
  [4;36;1mProject Load (0.0ms)[0m   [0;1mSELECT * FROM `projects` WHERE (project_name != ':public') ORDER BY project_name LIMIT 0, 12[0m
Rendering template within layouts/board_content
Rendering projects/index
  [4;35;1mProject Columns (16.0ms)[0m   [0mSHOW FIELDS FROM `projects`[0m
Completed in 47ms (View: 15, DB: 16) | 200 OK [http://localhost/projects?authenticity_token=FiZojMGNtmVrFxQETbAdLMvXiF78%2FWXj8HDRqbKScQw%3D]
  [4;36;1mSQL (0.0ms)[0m   [0;1mSET NAMES 'utf8'[0m
  [4;35;1mSQL (0.0ms)[0m   [0mSET SQL_AUTO_IS_NULL=0[0m


Processing GroupsController#index (for 127.0.0.1 at 2010-03-19 18:53:26) [GET]
  Parameters: {"authenticity_token"=>"FiZojMGNtmVrFxQETbAdLMvXiF78/WXj8HDRqbKScQw="}
  [4;36;1mGroup Load (0.0ms)[0m   [0;1mSELECT * FROM `groups` WHERE (group_name != ':public') ORDER BY group_name LIMIT 0, 12[0m
  [4;35;1mGroup Columns (0.0ms)[0m   [0mSHOW FIELDS FROM `groups`[0m
  [4;36;1mProject Columns (0.0ms)[0m   [0;1mSHOW FIELDS FROM `projects`[0m
  [4;35;1mProject Load (0.0ms)[0m   [0mSELECT * FROM `projects` WHERE (`projects`.`id` = 1) [0m
Rendering template within layouts/board_content
Rendering groups/index
Completed in 62ms (View: 31, DB: 0) | 200 OK [http://localhost/groups?authenticity_token=FiZojMGNtmVrFxQETbAdLMvXiF78%2FWXj8HDRqbKScQw%3D]
