2009-04-27 11:38:39 [org.hibernate.cfg.SettingsFactory]-[INFO] Scrollable result sets: enabled
2009-04-27 11:38:39 [org.hibernate.cfg.SettingsFactory]-[INFO] JDBC3 getGeneratedKeys(): enabled
2009-04-27 11:38:39 [org.hibernate.cfg.SettingsFactory]-[INFO] Connection release mode: auto
2009-04-27 11:38:39 [org.hibernate.cfg.SettingsFactory]-[INFO] Maximum outer join fetch depth: 2
2009-04-27 11:38:39 [org.hibernate.cfg.SettingsFactory]-[INFO] Default batch fetch size: 1
2009-04-27 11:38:39 [org.hibernate.cfg.SettingsFactory]-[INFO] Generate SQL with comments: disabled
2009-04-27 11:38:39 [org.hibernate.cfg.SettingsFactory]-[INFO] Order SQL updates by primary key: disabled
2009-04-27 11:38:39 [org.hibernate.cfg.SettingsFactory]-[INFO] Order SQL inserts for batching: disabled
2009-04-27 11:38:39 [org.hibernate.cfg.SettingsFactory]-[INFO] Query translator: org.hibernate.hql.ast.ASTQueryTranslatorFactory
2009-04-27 11:38:39 [org.hibernate.hql.ast.ASTQueryTranslatorFactory]-[INFO] Using ASTQueryTranslatorFactory
2009-04-27 11:38:39 [org.hibernate.cfg.SettingsFactory]-[INFO] Query language substitutions: {}
2009-04-27 11:38:39 [org.hibernate.cfg.SettingsFactory]-[INFO] JPA-QL strict compliance: disabled
2009-04-27 11:38:39 [org.hibernate.cfg.SettingsFactory]-[INFO] Second-level cache: enabled
2009-04-27 11:38:39 [org.hibernate.cfg.SettingsFactory]-[INFO] Query cache: disabled
2009-04-27 11:38:39 [org.hibernate.cfg.SettingsFactory]-[INFO] Cache provider: org.hibernate.cache.NoCacheProvider
2009-04-27 11:38:39 [org.hibernate.cfg.SettingsFactory]-[INFO] Optimize cache for minimal puts: disabled
2009-04-27 11:38:39 [org.hibernate.cfg.SettingsFactory]-[INFO] Structured second-level cache entries: disabled
2009-04-27 11:38:39 [org.hibernate.cfg.SettingsFactory]-[INFO] Echoing all SQL to stdout
2009-04-27 11:38:39 [org.hibernate.cfg.SettingsFactory]-[INFO] Statistics: disabled
2009-04-27 11:38:39 [org.hibernate.cfg.SettingsFactory]-[INFO] Deleted entity synthetic identifier rollback: disabled
2009-04-27 11:38:39 [org.hibernate.cfg.SettingsFactory]-[INFO] Default entity-mode: pojo
2009-04-27 11:38:39 [org.hibernate.cfg.SettingsFactory]-[INFO] Named query checking : enabled
2009-04-27 11:38:39 [org.hibernate.impl.SessionFactoryImpl]-[INFO] building session factory
2009-04-27 11:38:40 [org.hibernate.impl.SessionFactoryObjectFactory]-[INFO] Not binding factory to JNDI, no JNDI name configured
2009-04-27 13:53:47 [net.sourceforge.stripes.validation.expression.ExpressionValidator]-[INFO] Expression validation will be performed using: net.sourceforge.stripes.validation.expression.Jsp21ExpressionExecutor
2009-04-27 13:53:47 [org.hibernate.cfg.annotations.Version]-[INFO] Hibernate Annotations 3.3.1.GA
2009-04-27 13:53:47 [org.hibernate.cfg.Environment]-[INFO] Hibernate 3.2.5
2009-04-27 13:53:47 [org.hibernate.cfg.Environment]-[INFO] hibernate.properties not found
2009-04-27 13:53:47 [org.hibernate.cfg.Environment]-[INFO] Bytecode provider name : cglib
2009-04-27 13:53:47 [org.hibernate.cfg.Environment]-[INFO] using JDK 1.4 java.sql.Timestamp handling
2009-04-27 13:53:48 [org.hibernate.cfg.Configuration]-[INFO] configuring from resource: /hibernate.cfg.xml
2009-04-27 13:53:48 [org.hibernate.cfg.Configuration]-[INFO] Configuration resource: /hibernate.cfg.xml
2009-04-27 13:53:48 [org.hibernate.cfg.Configuration]-[INFO] Configured SessionFactory: null
2009-04-27 13:53:48 [org.hibernate.cfg.AnnotationBinder]-[INFO] Binding entity from annotated class: com.autopertdiagram.pojo.User
2009-04-27 13:53:48 [org.hibernate.cfg.annotations.EntityBinder]-[INFO] Bind entity com.autopertdiagram.pojo.User on table user
2009-04-27 13:53:48 [org.hibernate.cfg.AnnotationBinder]-[INFO] Binding entity from annotated class: com.autopertdiagram.pojo.Process
2009-04-27 13:53:48 [org.hibernate.cfg.annotations.EntityBinder]-[INFO] Bind entity com.autopertdiagram.pojo.Process on table process
2009-04-27 13:53:48 [org.hibernate.cfg.AnnotationBinder]-[INFO] Binding entity from annotated class: com.autopertdiagram.pojo.Project
2009-04-27 13:53:48 [org.hibernate.cfg.annotations.EntityBinder]-[INFO] Bind entity com.autopertdiagram.pojo.Project on table project
2009-04-27 13:53:48 [org.hibernate.cfg.AnnotationBinder]-[INFO] Binding entity from annotated class: com.autopertdiagram.pojo.Node
2009-04-27 13:53:48 [org.hibernate.cfg.annotations.EntityBinder]-[INFO] Bind entity com.autopertdiagram.pojo.Node on table node
2009-04-27 13:53:48 [org.hibernate.cfg.AnnotationBinder]-[INFO] Binding entity from annotated class: com.autopertdiagram.pojo.Prerelation
2009-04-27 13:53:48 [org.hibernate.cfg.annotations.EntityBinder]-[INFO] Bind entity com.autopertdiagram.pojo.Prerelation on table prerelation
2009-04-27 13:53:48 [org.hibernate.cfg.annotations.CollectionBinder]-[INFO] Mapping collection: com.autopertdiagram.pojo.Process.prerelationsForPreProcess -> prerelation
2009-04-27 13:53:48 [org.hibernate.cfg.annotations.CollectionBinder]-[INFO] Mapping collection: com.autopertdiagram.pojo.Process.prerelationsForProcess -> prerelation
2009-04-27 13:53:48 [org.hibernate.cfg.annotations.CollectionBinder]-[INFO] Mapping collection: com.autopertdiagram.pojo.Project.processes -> process
2009-04-27 13:53:48 [org.hibernate.cfg.annotations.CollectionBinder]-[INFO] Mapping collection: com.autopertdiagram.pojo.Node.processesForSourceNode -> process
2009-04-27 13:53:48 [org.hibernate.cfg.annotations.CollectionBinder]-[INFO] Mapping collection: com.autopertdiagram.pojo.Node.processesForTargetNode -> process
2009-04-27 13:53:48 [org.hibernate.validator.Version]-[INFO] Hibernate Validator 3.0.0.GA
2009-04-27 13:53:48 [org.hibernate.connection.DriverManagerConnectionProvider]-[INFO] Using Hibernate built-in connection pool (not for production use!)
2009-04-27 13:53:48 [org.hibernate.connection.DriverManagerConnectionProvider]-[INFO] Hibernate connection pool size: 20
2009-04-27 13:53:48 [org.hibernate.connection.DriverManagerConnectionProvider]-[INFO] autocommit mode: false
2009-04-27 13:53:48 [org.hibernate.connection.DriverManagerConnectionProvider]-[INFO] using driver: com.mysql.jdbc.Driver at URL: jdbc:mysql://localhost:3306/autopertdiagram
2009-04-27 13:53:48 [org.hibernate.connection.DriverManagerConnectionProvider]-[INFO] connection properties: {user=root, password=****}
2009-04-27 13:53:49 [org.hibernate.cfg.SettingsFactory]-[INFO] RDBMS: MySQL, version: 5.0.22-community-nt
2009-04-27 13:53:49 [org.hibernate.cfg.SettingsFactory]-[INFO] JDBC driver: MySQL-AB JDBC Driver, version: mysql-connector-java-5.1.6 ( Revision: ${svn.Revision} )
2009-04-27 13:53:49 [org.hibernate.dialect.Dialect]-[INFO] Using dialect: org.hibernate.dialect.MySQLDialect
2009-04-27 13:53:49 [org.hibernate.transaction.TransactionFactoryFactory]-[INFO] Using default transaction strategy (direct JDBC transactions)
2009-04-27 13:53:49 [org.hibernate.transaction.TransactionManagerLookupFactory]-[INFO] No TransactionManagerLookup configured (in JTA environment, use of read-write or transactional second-level cache is not recommended)
2009-04-27 13:53:49 [org.hibernate.cfg.SettingsFactory]-[INFO] Automatic flush during beforeCompletion(): disabled
2009-04-27 13:53:49 [org.hibernate.cfg.SettingsFactory]-[INFO] Automatic session close at end of transaction: disabled
2009-04-27 13:53:49 [org.hibernate.cfg.SettingsFactory]-[INFO] JDBC batch size: 15
2009-04-27 13:53:49 [org.hibernate.cfg.SettingsFactory]-[INFO] JDBC batch updates for versioned data: disabled
2009-04-27 13:53:49 [org.hibernate.cfg.SettingsFactory]-[INFO] Scrollable result sets: enabled
2009-04-27 13:53:49 [org.hibernate.cfg.SettingsFactory]-[INFO] JDBC3 getGeneratedKeys(): enabled
2009-04-27 13:53:49 [org.hibernate.cfg.SettingsFactory]-[INFO] Connection release mode: auto
2009-04-27 13:53:49 [org.hibernate.cfg.SettingsFactory]-[INFO] Maximum outer join fetch depth: 2
2009-04-27 13:53:49 [org.hibernate.cfg.SettingsFactory]-[INFO] Default batch fetch size: 1
2009-04-27 13:53:49 [org.hibernate.cfg.SettingsFactory]-[INFO] Generate SQL with comments: disabled
2009-04-27 13:53:49 [org.hibernate.cfg.SettingsFactory]-[INFO] Order SQL updates by primary key: disabled
2009-04-27 13:53:49 [org.hibernate.cfg.SettingsFactory]-[INFO] Order SQL inserts for batching: disabled
2009-04-27 13:53:49 [org.hibernate.cfg.SettingsFactory]-[INFO] Query translator: org.hibernate.hql.ast.ASTQueryTranslatorFactory
2009-04-27 13:53:49 [org.hibernate.hql.ast.ASTQueryTranslatorFactory]-[INFO] Using ASTQueryTranslatorFactory
2009-04-27 13:53:49 [org.hibernate.cfg.SettingsFactory]-[INFO] Query language substitutions: {}
2009-04-27 13:53:49 [org.hibernate.cfg.SettingsFactory]-[INFO] JPA-QL strict compliance: disabled
2009-04-27 13:53:49 [org.hibernate.cfg.SettingsFactory]-[INFO] Second-level cache: enabled
2009-04-27 13:53:49 [org.hibernate.cfg.SettingsFactory]-[INFO] Query cache: disabled
2009-04-27 13:53:49 [org.hibernate.cfg.SettingsFactory]-[INFO] Cache provider: org.hibernate.cache.NoCacheProvider
2009-04-27 13:53:49 [org.hibernate.cfg.SettingsFactory]-[INFO] Optimize cache for minimal puts: disabled
2009-04-27 13:53:49 [org.hibernate.cfg.SettingsFactory]-[INFO] Structured second-level cache entries: disabled
2009-04-27 13:53:49 [org.hibernate.cfg.SettingsFactory]-[INFO] Echoing all SQL to stdout
2009-04-27 13:53:49 [org.hibernate.cfg.SettingsFactory]-[INFO] Statistics: disabled
2009-04-27 13:53:49 [org.hibernate.cfg.SettingsFactory]-[INFO] Deleted entity synthetic identifier rollback: disabled
2009-04-27 13:53:49 [org.hibernate.cfg.SettingsFactory]-[INFO] Default entity-mode: pojo
2009-04-27 13:53:49 [org.hibernate.cfg.SettingsFactory]-[INFO] Named query checking : enabled
2009-04-27 13:53:49 [org.hibernate.impl.SessionFactoryImpl]-[INFO] building session factory
2009-04-27 13:53:49 [org.hibernate.impl.SessionFactoryObjectFactory]-[INFO] Not binding factory to JNDI, no JNDI name configured
2009-04-27 14:32:40 [net.sourceforge.stripes.validation.expression.ExpressionValidator]-[INFO] Expression validation will be performed using: net.sourceforge.stripes.validation.expression.Jsp21ExpressionExecutor
2009-04-27 14:32:41 [org.hibernate.cfg.annotations.Version]-[INFO] Hibernate Annotations 3.3.1.GA
2009-04-27 14:32:41 [org.hibernate.cfg.Environment]-[INFO] Hibernate 3.2.5
2009-04-27 14:32:41 [org.hibernate.cfg.Environment]-[INFO] hibernate.properties not found
2009-04-27 14:32:41 [org.hibernate.cfg.Environment]-[INFO] Bytecode provider name : cglib
2009-04-27 14:32:41 [org.hibernate.cfg.Environment]-[INFO] using JDK 1.4 java.sql.Timestamp handling
2009-04-27 14:32:41 [org.hibernate.cfg.Configuration]-[INFO] configuring from resource: /hibernate.cfg.xml
2009-04-27 14:32:41 [org.hibernate.cfg.Configuration]-[INFO] Configuration resource: /hibernate.cfg.xml
2009-04-27 14:32:41 [org.hibernate.cfg.Configuration]-[INFO] Configured SessionFactory: null
2009-04-27 14:32:41 [org.hibernate.cfg.AnnotationBinder]-[INFO] Binding entity from annotated class: com.autopertdiagram.pojo.User
2009-04-27 14:32:41 [org.hibernate.cfg.annotations.EntityBinder]-[INFO] Bind entity com.autopertdiagram.pojo.User on table user
2009-04-27 14:32:41 [org.hibernate.cfg.AnnotationBinder]-[INFO] Binding entity from annotated class: com.autopertdiagram.pojo.Process
2009-04-27 14:32:41 [org.hibernate.cfg.annotations.EntityBinder]-[INFO] Bind entity com.autopertdiagram.pojo.Process on table process
2009-04-27 14:32:42 [org.hibernate.cfg.AnnotationBinder]-[INFO] Binding entity from annotated class: com.autopertdiagram.pojo.Project
2009-04-27 14:32:42 [org.hibernate.cfg.annotations.EntityBinder]-[INFO] Bind entity com.autopertdiagram.pojo.Project on table project
2009-04-27 14:32:42 [org.hibernate.cfg.AnnotationBinder]-[INFO] Binding entity from annotated class: com.autopertdiagram.pojo.Node
2009-04-27 14:32:42 [org.hibernate.cfg.annotations.EntityBinder]-[INFO] Bind entity com.autopertdiagram.pojo.Node on table node
2009-04-27 14:32:42 [org.hibernate.cfg.AnnotationBinder]-[INFO] Binding entity from annotated class: com.autopertdiagram.pojo.Prerelation
2009-04-27 14:32:42 [org.hibernate.cfg.annotations.EntityBinder]-[INFO] Bind entity com.autopertdiagram.pojo.Prerelation on table prerelation
2009-04-27 14:32:42 [org.hibernate.cfg.annotations.CollectionBinder]-[INFO] Mapping collection: com.autopertdiagram.pojo.Process.prerelationsForPreProcess -> prerelation
2009-04-27 14:32:42 [org.hibernate.cfg.annotations.CollectionBinder]-[INFO] Mapping collection: com.autopertdiagram.pojo.Process.prerelationsForProcess -> prerelation
2009-04-27 14:32:42 [org.hibernate.cfg.annotations.CollectionBinder]-[INFO] Mapping collection: com.autopertdiagram.pojo.Project.processes -> process
2009-04-27 14:32:42 [org.hibernate.cfg.annotations.CollectionBinder]-[INFO] Mapping collection: com.autopertdiagram.pojo.Node.processesForSourceNode -> process
2009-04-27 14:32:42 [org.hibernate.cfg.annotations.CollectionBinder]-[INFO] Mapping collection: com.autopertdiagram.pojo.Node.processesForTargetNode -> process
2009-04-27 14:32:42 [org.hibernate.validator.Version]-[INFO] Hibernate Validator 3.0.0.GA
2009-04-27 14:32:42 [org.hibernate.connection.DriverManagerConnectionProvider]-[INFO] Using Hibernate built-in connection pool (not for production use!)
2009-04-27 14:32:42 [org.hibernate.connection.DriverManagerConnectionProvider]-[INFO] Hibernate connection pool size: 20
2009-04-27 14:32:42 [org.hibernate.connection.DriverManagerConnectionProvider]-[INFO] autocommit mode: false
2009-04-27 14:32:42 [org.hibernate.connection.DriverManagerConnectionProvider]-[INFO] using driver: com.mysql.jdbc.Driver at URL: jdbc:mysql://localhost:3306/autopertdiagram
2009-04-27 14:32:42 [org.hibernate.connection.DriverManagerConnectionProvider]-[INFO] connection properties: {user=root, password=****}
2009-04-27 14:32:42 [org.hibernate.cfg.SettingsFactory]-[INFO] RDBMS: MySQL, version: 5.0.22-community-nt
2009-04-27 14:32:42 [org.hibernate.cfg.SettingsFactory]-[INFO] JDBC driver: MySQL-AB JDBC Driver, version: mysql-connector-java-5.1.6 ( Revision: ${svn.Revision} )
2009-04-27 14:32:42 [org.hibernate.dialect.Dialect]-[INFO] Using dialect: org.hibernate.dialect.MySQLDialect
2009-04-27 14:32:42 [org.hibernate.transaction.TransactionFactoryFactory]-[INFO] Using default transaction strategy (direct JDBC transactions)
2009-04-27 14:32:42 [org.hibernate.transaction.TransactionManagerLookupFactory]-[INFO] No TransactionManagerLookup configured (in JTA environment, use of read-write or transactional second-level cache is not recommended)
2009-04-27 14:32:42 [org.hibernate.cfg.SettingsFactory]-[INFO] Automatic flush during beforeCompletion(): disabled
2009-04-27 14:32:42 [org.hibernate.cfg.SettingsFactory]-[INFO] Automatic session close at end of transaction: disabled
2009-04-27 14:32:42 [org.hibernate.cfg.SettingsFactory]-[INFO] JDBC batch size: 15
2009-04-27 14:32:42 [org.hibernate.cfg.SettingsFactory]-[INFO] JDBC batch updates for versioned data: disabled
2009-04-27 14:32:42 [org.hibernate.cfg.SettingsFactory]-[INFO] Scrollable result sets: enabled
2009-04-27 14:32:42 [org.hibernate.cfg.SettingsFactory]-[INFO] JDBC3 getGeneratedKeys(): enabled
2009-04-27 14:32:42 [org.hibernate.cfg.SettingsFactory]-[INFO] Connection release mode: auto
2009-04-27 14:32:42 [org.hibernate.cfg.SettingsFactory]-[INFO] Maximum outer join fetch depth: 2
2009-04-27 14:32:42 [org.hibernate.cfg.SettingsFactory]-[INFO] Default batch fetch size: 1
2009-04-27 14:32:42 [org.hibernate.cfg.SettingsFactory]-[INFO] Generate SQL with comments: disabled
2009-04-27 14:32:42 [org.hibernate.cfg.SettingsFactory]-[INFO] Order SQL updates by primary key: disabled
2009-04-27 14:32:42 [org.hibernate.cfg.SettingsFactory]-[INFO] Order SQL inserts for batching: disabled
2009-04-27 14:32:42 [org.hibernate.cfg.SettingsFactory]-[INFO] Query translator: org.hibernate.hql.ast.ASTQueryTranslatorFactory
2009-04-27 14:32:42 [org.hibernate.hql.ast.ASTQueryTranslatorFactory]-[INFO] Using ASTQueryTranslatorFactory
2009-04-27 14:32:42 [org.hibernate.cfg.SettingsFactory]-[INFO] Query language substitutions: {}
2009-04-27 14:32:42 [org.hibernate.cfg.SettingsFactory]-[INFO] JPA-QL strict compliance: disabled
2009-04-27 14:32:42 [org.hibernate.cfg.SettingsFactory]-[INFO] Second-level cache: enabled
2009-04-27 14:32:42 [org.hibernate.cfg.SettingsFactory]-[INFO] Query cache: disabled
2009-04-27 14:32:42 [org.hibernate.cfg.SettingsFactory]-[INFO] Cache provider: org.hibernate.cache.NoCacheProvider
2009-04-27 14:32:42 [org.hibernate.cfg.SettingsFactory]-[INFO] Optimize cache for minimal puts: disabled
2009-04-27 14:32:42 [org.hibernate.cfg.SettingsFactory]-[INFO] Structured second-level cache entries: disabled
2009-04-27 14:32:42 [org.hibernate.cfg.SettingsFactory]-[INFO] Echoing all SQL to stdout
2009-04-27 14:32:42 [org.hibernate.cfg.SettingsFactory]-[INFO] Statistics: disabled
2009-04-27 14:32:42 [org.hibernate.cfg.SettingsFactory]-[INFO] Deleted entity synthetic identifier rollback: disabled
2009-04-27 14:32:42 [org.hibernate.cfg.SettingsFactory]-[INFO] Default entity-mode: pojo
2009-04-27 14:32:42 [org.hibernate.cfg.SettingsFactory]-[INFO] Named query checking : enabled
2009-04-27 14:32:42 [org.hibernate.impl.SessionFactoryImpl]-[INFO] building session factory
2009-04-27 14:32:43 [org.hibernate.impl.SessionFactoryObjectFactory]-[INFO] Not binding factory to JNDI, no JNDI name configured
2009-04-27 14:40:36 [net.sourceforge.stripes.validation.expression.ExpressionValidator]-[INFO] Expression validation will be performed using: net.sourceforge.stripes.validation.expression.Jsp21ExpressionExecutor
2009-04-27 14:40:37 [org.hibernate.cfg.annotations.Version]-[INFO] Hibernate Annotations 3.3.1.GA
2009-04-27 14:40:37 [org.hibernate.cfg.Environment]-[INFO] Hibernate 3.2.5
2009-04-27 14:40:37 [org.hibernate.cfg.Environment]-[INFO] hibernate.properties not found
2009-04-27 14:40:37 [org.hibernate.cfg.Environment]-[INFO] Bytecode provider name : cglib
2009-04-27 14:40:37 [org.hibernate.cfg.Environment]-[INFO] using JDK 1.4 java.sql.Timestamp handling
2009-04-27 14:40:37 [org.hibernate.cfg.Configuration]-[INFO] configuring from resource: /hibernate.cfg.xml
2009-04-27 14:40:37 [org.hibernate.cfg.Configuration]-[INFO] Configuration resource: /hibernate.cfg.xml
2009-04-27 14:40:37 [org.hibernate.cfg.Configuration]-[INFO] Configured SessionFactory: null
2009-04-27 14:40:37 [org.hibernate.cfg.AnnotationBinder]-[INFO] Binding entity from annotated class: com.autopertdiagram.pojo.User
2009-04-27 14:40:37 [org.hibernate.cfg.annotations.EntityBinder]-[INFO] Bind entity com.autopertdiagram.pojo.User on table user
2009-04-27 14:40:37 [org.hibernate.cfg.AnnotationBinder]-[INFO] Binding entity from annotated class: com.autopertdiagram.pojo.Process
2009-04-27 14:40:37 [org.hibernate.cfg.annotations.EntityBinder]-[INFO] Bind entity com.autopertdiagram.pojo.Process on table process
2009-04-27 14:40:38 [org.hibernate.cfg.AnnotationBinder]-[INFO] Binding entity from annotated class: com.autopertdiagram.pojo.Project
2009-04-27 14:40:38 [org.hibernate.cfg.annotations.EntityBinder]-[INFO] Bind entity com.autopertdiagram.pojo.Project on table project
2009-04-27 14:40:38 [org.hibernate.cfg.AnnotationBinder]-[INFO] Binding entity from annotated class: com.autopertdiagram.pojo.Node
2009-04-27 14:40:38 [org.hibernate.cfg.annotations.EntityBinder]-[INFO] Bind entity com.autopertdiagram.pojo.Node on table node
2009-04-27 14:40:38 [org.hibernate.cfg.AnnotationBinder]-[INFO] Binding entity from annotated class: com.autopertdiagram.pojo.Prerelation
2009-04-27 14:40:38 [org.hibernate.cfg.annotations.EntityBinder]-[INFO] Bind entity com.autopertdiagram.pojo.Prerelation on table prerelation
2009-04-27 14:40:38 [org.hibernate.cfg.annotations.CollectionBinder]-[INFO] Mapping collection: com.autopertdiagram.pojo.Process.prerelationsForPreProcess -> prerelation
2009-04-27 14:40:38 [org.hibernate.cfg.annotations.CollectionBinder]-[INFO] Mapping collection: com.autopertdiagram.pojo.Process.prerelationsForProcess -> prerelation
2009-04-27 14:40:38 [org.hibernate.cfg.annotations.CollectionBinder]-[INFO] Mapping collection: com.autopertdiagram.pojo.Project.processes -> process
2009-04-27 14:40:38 [org.hibernate.cfg.annotations.CollectionBinder]-[INFO] Mapping collection: com.autopertdiagram.pojo.Node.processesForSourceNode -> process
2009-04-27 14:40:38 [org.hibernate.cfg.annotations.CollectionBinder]-[INFO] Mapping collection: com.autopertdiagram.pojo.Node.processesForTargetNode -> process
2009-04-27 14:40:38 [org.hibernate.validator.Version]-[INFO] Hibernate Validator 3.0.0.GA
2009-04-27 14:40:38 [org.hibernate.connection.DriverManagerConnectionProvider]-[INFO] Using Hibernate built-in connection pool (not for production use!)
2009-04-27 14:40:38 [org.hibernate.connection.DriverManagerConnectionProvider]-[INFO] Hibernate connection pool size: 20
2009-04-27 14:40:38 [org.hibernate.connection.DriverManagerConnectionProvider]-[INFO] autocommit mode: false
2009-04-27 14:40:38 [org.hibernate.connection.DriverManagerConnectionProvider]-[INFO] using driver: com.mysql.jdbc.Driver at URL: jdbc:mysql://localhost:3306/autopertdiagram
2009-04-27 14:40:38 [org.hibernate.connection.DriverManagerConnectionProvider]-[INFO] connection properties: {user=root, password=****}
2009-04-27 14:40:38 [org.hibernate.cfg.SettingsFactory]-[INFO] RDBMS: MySQL, version: 5.0.22-community-nt
2009-04-27 14:40:38 [org.hibernate.cfg.SettingsFactory]-[INFO] JDBC driver: MySQL-AB JDBC Driver, version: mysql-connector-java-5.1.6 ( Revision: ${svn.Revision} )
2009-04-27 14:40:38 [org.hibernate.dialect.Dialect]-[INFO] Using dialect: org.hibernate.dialect.MySQLDialect
2009-04-27 14:40:38 [org.hibernate.transaction.TransactionFactoryFactory]-[INFO] Using default transaction strategy (direct JDBC transactions)
2009-04-27 14:40:38 [org.hibernate.transaction.TransactionManagerLookupFactory]-[INFO] No TransactionManagerLookup configured (in JTA environment, use of read-write or transactional second-level cache is not recommended)
2009-04-27 14:40:38 [org.hibernate.cfg.SettingsFactory]-[INFO] Automatic flush during beforeCompletion(): disabled
2009-04-27 14:40:38 [org.hibernate.cfg.SettingsFactory]-[INFO] Automatic session close at end of transaction: disabled
2009-04-27 14:40:38 [org.hibernate.cfg.SettingsFactory]-[INFO] JDBC batch size: 15
2009-04-27 14:40:38 [org.hibernate.cfg.SettingsFactory]-[INFO] JDBC batch updates for versioned data: disabled
2009-04-27 14:40:38 [org.hibernate.cfg.SettingsFactory]-[INFO] Scrollable result sets: enabled
2009-04-27 14:40:38 [org.hibernate.cfg.SettingsFactory]-[INFO] JDBC3 getGeneratedKeys(): enabled
2009-04-27 14:40:38 [org.hibernate.cfg.SettingsFactory]-[INFO] Connection release mode: auto
2009-04-27 14:40:38 [org.hibernate.cfg.SettingsFactory]-[INFO] Maximum outer join fetch depth: 2
2009-04-27 14:40:38 [org.hibernate.cfg.SettingsFactory]-[INFO] Default batch fetch size: 1
2009-04-27 14:40:38 [org.hibernate.cfg.SettingsFactory]-[INFO] Generate SQL with comments: disabled
2009-04-27 14:40:38 [org.hibernate.cfg.SettingsFactory]-[INFO] Order SQL updates by primary key: disabled
2009-04-27 14:40:38 [org.hibernate.cfg.SettingsFactory]-[INFO] Order SQL inserts for batching: disabled
2009-04-27 14:40:38 [org.hibernate.cfg.SettingsFactory]-[INFO] Query translator: org.hibernate.hql.ast.ASTQueryTranslatorFactory
2009-04-27 14:40:38 [org.hibernate.hql.ast.ASTQueryTranslatorFactory]-[INFO] Using ASTQueryTranslatorFactory
2009-04-27 14:40:38 [org.hibernate.cfg.SettingsFactory]-[INFO] Query language substitutions: {}
2009-04-27 14:40:38 [org.hibernate.cfg.SettingsFactory]-[INFO] JPA-QL strict compliance: disabled
2009-04-27 14:40:38 [org.hibernate.cfg.SettingsFactory]-[INFO] Second-level cache: enabled
2009-04-27 14:40:38 [org.hibernate.cfg.SettingsFactory]-[INFO] Query cache: disabled
2009-04-27 14:40:38 [org.hibernate.cfg.SettingsFactory]-[INFO] Cache provider: org.hibernate.cache.NoCacheProvider
2009-04-27 14:40:38 [org.hibernate.cfg.SettingsFactory]-[INFO] Optimize cache for minimal puts: disabled
2009-04-27 14:40:38 [org.hibernate.cfg.SettingsFactory]-[INFO] Structured second-level cache entries: disabled
2009-04-27 14:40:38 [org.hibernate.cfg.SettingsFactory]-[INFO] Echoing all SQL to stdout
2009-04-27 14:40:38 [org.hibernate.cfg.SettingsFactory]-[INFO] Statistics: disabled
2009-04-27 14:40:38 [org.hibernate.cfg.SettingsFactory]-[INFO] Deleted entity synthetic identifier rollback: disabled
2009-04-27 14:40:38 [org.hibernate.cfg.SettingsFactory]-[INFO] Default entity-mode: pojo
2009-04-27 14:40:38 [org.hibernate.cfg.SettingsFactory]-[INFO] Named query checking : enabled
2009-04-27 14:40:38 [org.hibernate.impl.SessionFactoryImpl]-[INFO] building session factory
2009-04-27 14:40:38 [org.hibernate.impl.SessionFactoryObjectFactory]-[INFO] Not binding factory to JNDI, no JNDI name configured
2009-04-27 14:49:00 [net.sourceforge.stripes.validation.expression.ExpressionValidator]-[INFO] Expression validation will be performed using: net.sourceforge.stripes.validation.expression.Jsp21ExpressionExecutor
2009-04-27 14:49:00 [org.hibernate.cfg.annotations.Version]-[INFO] Hibernate Annotations 3.3.1.GA
2009-04-27 14:49:00 [org.hibernate.cfg.Environment]-[INFO] Hibernate 3.2.5
2009-04-27 14:49:00 [org.hibernate.cfg.Environment]-[INFO] hibernate.properties not found
2009-04-27 14:49:00 [org.hibernate.cfg.Environment]-[INFO] Bytecode provider name : cglib
2009-04-27 14:49:00 [org.hibernate.cfg.Environment]-[INFO] using JDK 1.4 java.sql.Timestamp handling
2009-04-27 14:49:01 [org.hibernate.cfg.Configuration]-[INFO] configuring from resource: /hibernate.cfg.xml
2009-04-27 14:49:01 [org.hibernate.cfg.Configuration]-[INFO] Configuration resource: /hibernate.cfg.xml
2009-04-27 14:49:01 [org.hibernate.cfg.Configuration]-[INFO] Configured SessionFactory: null
2009-04-27 14:49:01 [org.hibernate.cfg.AnnotationBinder]-[INFO] Binding entity from annotated class: com.autopertdiagram.pojo.User
2009-04-27 14:49:01 [org.hibernate.cfg.annotations.EntityBinder]-[INFO] Bind entity com.autopertdiagram.pojo.User on table user
2009-04-27 14:49:01 [org.hibernate.cfg.AnnotationBinder]-[INFO] Binding entity from annotated class: com.autopertdiagram.pojo.Process
2009-04-27 14:49:01 [org.hibernate.cfg.annotations.EntityBinder]-[INFO] Bind entity com.autopertdiagram.pojo.Process on table process
2009-04-27 14:49:01 [org.hibernate.cfg.AnnotationBinder]-[INFO] Binding entity from annotated class: com.autopertdiagram.pojo.Project
2009-04-27 14:49:01 [org.hibernate.cfg.annotations.EntityBinder]-[INFO] Bind entity com.autopertdiagram.pojo.Project on table project
2009-04-27 14:49:01 [org.hibernate.cfg.AnnotationBinder]-[INFO] Binding entity from annotated class: com.autopertdiagram.pojo.Node
2009-04-27 14:49:01 [org.hibernate.cfg.annotations.EntityBinder]-[INFO] Bind entity com.autopertdiagram.pojo.Node on table node
2009-04-27 14:49:01 [org.hibernate.cfg.AnnotationBinder]-[INFO] Binding entity from annotated class: com.autopertdiagram.pojo.Prerelation
2009-04-27 14:49:01 [org.hibernate.cfg.annotations.EntityBinder]-[INFO] Bind entity com.autopertdiagram.pojo.Prerelation on table prerelation
2009-04-27 14:49:01 [org.hibernate.cfg.annotations.CollectionBinder]-[INFO] Mapping collection: com.autopertdiagram.pojo.Process.prerelationsForPreProcess -> prerelation
2009-04-27 14:49:01 [org.hibernate.cfg.annotations.CollectionBinder]-[INFO] Mapping collection: com.autopertdiagram.pojo.Process.prerelationsForProcess -> prerelation
2009-04-27 14:49:01 [org.hibernate.cfg.annotations.CollectionBinder]-[INFO] Mapping collection: com.autopertdiagram.pojo.Project.processes -> process
2009-04-27 14:49:01 [org.hibernate.cfg.annotations.CollectionBinder]-[INFO] Mapping collection: com.autopertdiagram.pojo.Node.processesForSourceNode -> process
2009-04-27 14:49:01 [org.hibernate.cfg.annotations.CollectionBinder]-[INFO] Mapping collection: com.autopertdiagram.pojo.Node.processesForTargetNode -> process
2009-04-27 14:49:01 [org.hibernate.validator.Version]-[INFO] Hibernate Validator 3.0.0.GA
2009-04-27 14:49:01 [org.hibernate.connection.DriverManagerConnectionProvider]-[INFO] Using Hibernate built-in connection pool (not for production use!)
2009-04-27 14:49:01 [org.hibernate.connection.DriverManagerConnectionProvider]-[INFO] Hibernate connection pool size: 20
2009-04-27 14:49:01 [org.hibernate.connection.DriverManagerConnectionProvider]-[INFO] autocommit mode: false
2009-04-27 14:49:01 [org.hibernate.connection.DriverManagerConnectionProvider]-[INFO] using driver: com.mysql.jdbc.Driver at URL: jdbc:mysql://localhost:3306/autopertdiagram
2009-04-27 14:49:01 [org.hibernate.connection.DriverManagerConnectionProvider]-[INFO] connection properties: {user=root, password=****}
2009-04-27 14:49:01 [org.hibernate.cfg.SettingsFactory]-[INFO] RDBMS: MySQL, version: 5.0.22-community-nt
2009-04-27 14:49:01 [org.hibernate.cfg.SettingsFactory]-[INFO] JDBC driver: MySQL-AB JDBC Driver, version: mysql-connector-java-5.1.6 ( Revision: ${svn.Revision} )
2009-04-27 14:49:01 [org.hibernate.dialect.Dialect]-[INFO] Using dialect: org.hibernate.dialect.MySQLDialect
2009-04-27 14:49:01 [org.hibernate.transaction.TransactionFactoryFactory]-[INFO] Using default transaction strategy (direct JDBC transactions)
2009-04-27 14:49:01 [org.hibernate.transaction.TransactionManagerLookupFactory]-[INFO] No TransactionManagerLookup configured (in JTA environment, use of read-write or transactional second-level cache is not recommended)
2009-04-27 14:49:01 [org.hibernate.cfg.SettingsFactory]-[INFO] Automatic flush during beforeCompletion(): disabled
2009-04-27 14:49:01 [org.hibernate.cfg.SettingsFactory]-[INFO] Automatic session close at end of transaction: disabled
2009-04-27 14:49:01 [org.hibernate.cfg.SettingsFactory]-[INFO] JDBC batch size: 15
2009-04-27 14:49:01 [org.hibernate.cfg.SettingsFactory]-[INFO] JDBC batch updates for versioned data: disabled
2009-04-27 14:49:01 [org.hibernate.cfg.SettingsFactory]-[INFO] Scrollable result sets: enabled
2009-04-27 14:49:01 [org.hibernate.cfg.SettingsFactory]-[INFO] JDBC3 getGeneratedKeys(): enabled
2009-04-27 14:49:01 [org.hibernate.cfg.SettingsFactory]-[INFO] Connection release mode: auto
2009-04-27 14:49:01 [org.hibernate.cfg.SettingsFactory]-[INFO] Maximum outer join fetch depth: 2
2009-04-27 14:49:01 [org.hibernate.cfg.SettingsFactory]-[INFO] Default batch fetch size: 1
2009-04-27 14:49:01 [org.hibernate.cfg.SettingsFactory]-[INFO] Generate SQL with comments: disabled
2009-04-27 14:49:01 [org.hibernate.cfg.SettingsFactory]-[INFO] Order SQL updates by primary key: disabled
2009-04-27 14:49:01 [org.hibernate.cfg.SettingsFactory]-[INFO] Order SQL inserts for batching: disabled
2009-04-27 14:49:01 [org.hibernate.cfg.SettingsFactory]-[INFO] Query translator: org.hibernate.hql.ast.ASTQueryTranslatorFactory
2009-04-27 14:49:01 [org.hibernate.hql.ast.ASTQueryTranslatorFactory]-[INFO] Using ASTQueryTranslatorFactory
2009-04-27 14:49:01 [org.hibernate.cfg.SettingsFactory]-[INFO] Query language substitutions: {}
2009-04-27 14:49:01 [org.hibernate.cfg.SettingsFactory]-[INFO] JPA-QL strict compliance: disabled
2009-04-27 14:49:01 [org.hibernate.cfg.SettingsFactory]-[INFO] Second-level cache: enabled
2009-04-27 14:49:01 [org.hibernate.cfg.SettingsFactory]-[INFO] Query cache: disabled
2009-04-27 14:49:01 [org.hibernate.cfg.SettingsFactory]-[INFO] Cache provider: org.hibernate.cache.NoCacheProvider
2009-04-27 14:49:01 [org.hibernate.cfg.SettingsFactory]-[INFO] Optimize cache for minimal puts: disabled
2009-04-27 14:49:01 [org.hibernate.cfg.SettingsFactory]-[INFO] Structured second-level cache entries: disabled
2009-04-27 14:49:01 [org.hibernate.cfg.SettingsFactory]-[INFO] Echoing all SQL to stdout
2009-04-27 14:49:01 [org.hibernate.cfg.SettingsFactory]-[INFO] Statistics: disabled
2009-04-27 14:49:01 [org.hibernate.cfg.SettingsFactory]-[INFO] Deleted entity synthetic identifier rollback: disabled
2009-04-27 14:49:01 [org.hibernate.cfg.SettingsFactory]-[INFO] Default entity-mode: pojo
2009-04-27 14:49:01 [org.hibernate.cfg.SettingsFactory]-[INFO] Named query checking : enabled
2009-04-27 14:49:02 [org.hibernate.impl.SessionFactoryImpl]-[INFO] building session factory
2009-04-27 14:49:02 [org.hibernate.impl.SessionFactoryObjectFactory]-[INFO] Not binding factory to JNDI, no JNDI name configured
2009-04-27 14:57:50 [net.sourceforge.stripes.validation.expression.ExpressionValidator]-[INFO] Expression validation will be performed using: net.sourceforge.stripes.validation.expression.Jsp21ExpressionExecutor
2009-04-27 14:57:50 [org.hibernate.cfg.annotations.Version]-[INFO] Hibernate Annotations 3.3.1.GA
2009-04-27 14:57:50 [org.hibernate.cfg.Environment]-[INFO] Hibernate 3.2.5
2009-04-27 14:57:50 [org.hibernate.cfg.Environment]-[INFO] hibernate.properties not found
2009-04-27 14:57:50 [org.hibernate.cfg.Environment]-[INFO] Bytecode provider name : cglib
2009-04-27 14:57:50 [org.hibernate.cfg.Environment]-[INFO] using JDK 1.4 java.sql.Timestamp handling
2009-04-27 14:57:50 [org.hibernate.cfg.Configuration]-[INFO] configuring from resource: /hibernate.cfg.xml
2009-04-27 14:57:50 [org.hibernate.cfg.Configuration]-[INFO] Configuration resource: /hibernate.cfg.xml
2009-04-27 14:57:51 [org.hibernate.cfg.Configuration]-[INFO] Configured SessionFactory: null
2009-04-27 14:57:51 [org.hibernate.cfg.AnnotationBinder]-[INFO] Binding entity from annotated class: com.autopertdiagram.pojo.User
2009-04-27 14:57:51 [org.hibernate.cfg.annotations.EntityBinder]-[INFO] Bind entity com.autopertdiagram.pojo.User on table user
2009-04-27 14:57:51 [org.hibernate.cfg.AnnotationBinder]-[INFO] Binding entity from annotated class: com.autopertdiagram.pojo.Process
2009-04-27 14:57:51 [org.hibernate.cfg.annotations.EntityBinder]-[INFO] Bind entity com.autopertdiagram.pojo.Process on table process
2009-04-27 14:57:51 [org.hibernate.cfg.AnnotationBinder]-[INFO] Binding entity from annotated class: com.autopertdiagram.pojo.Project
2009-04-27 14:57:51 [org.hibernate.cfg.annotations.EntityBinder]-[INFO] Bind entity com.autopertdiagram.pojo.Project on table project
2009-04-27 14:57:51 [org.hibernate.cfg.AnnotationBinder]-[INFO] Binding entity from annotated class: com.autopertdiagram.pojo.Node
2009-04-27 14:57:51 [org.hibernate.cfg.annotations.EntityBinder]-[INFO] Bind entity com.autopertdiagram.pojo.Node on table node
2009-04-27 14:57:51 [org.hibernate.cfg.AnnotationBinder]-[INFO] Binding entity from annotated class: com.autopertdiagram.pojo.Prerelation
2009-04-27 14:57:51 [org.hibernate.cfg.annotations.EntityBinder]-[INFO] Bind entity com.autopertdiagram.pojo.Prerelation on table prerelation
2009-04-27 14:57:51 [org.hibernate.cfg.annotations.CollectionBinder]-[INFO] Mapping collection: com.autopertdiagram.pojo.Process.prerelationsForPreProcess -> prerelation
2009-04-27 14:57:51 [org.hibernate.cfg.annotations.CollectionBinder]-[INFO] Mapping collection: com.autopertdiagram.pojo.Process.prerelationsForProcess -> prerelation
2009-04-27 14:57:51 [org.hibernate.cfg.annotations.CollectionBinder]-[INFO] Mapping collection: com.autopertdiagram.pojo.Project.processes -> process
2009-04-27 14:57:51 [org.hibernate.cfg.annotations.CollectionBinder]-[INFO] Mapping collection: com.autopertdiagram.pojo.Node.processesForSourceNode -> process
2009-04-27 14:57:51 [org.hibernate.cfg.annotations.CollectionBinder]-[INFO] Mapping collection: com.autopertdiagram.pojo.Node.processesForTargetNode -> process
2009-04-27 14:57:51 [org.hibernate.validator.Version]-[INFO] Hibernate Validator 3.0.0.GA
2009-04-27 14:57:51 [org.hibernate.connection.DriverManagerConnectionProvider]-[INFO] Using Hibernate built-in connection pool (not for production use!)
2009-04-27 14:57:51 [org.hibernate.connection.DriverManagerConnectionProvider]-[INFO] Hibernate connection pool size: 20
2009-04-27 14:57:51 [org.hibernate.connection.DriverManagerConnectionProvider]-[INFO] autocommit mode: false
2009-04-27 14:57:51 [org.hibernate.connection.DriverManagerConnectionProvider]-[INFO] using driver: com.mysql.jdbc.Driver at URL: jdbc:mysql://localhost:3306/autopertdiagram
2009-04-27 14:57:51 [org.hibernate.connection.DriverManagerConnectionProvider]-[INFO] connection properties: {user=root, password=****}
2009-04-27 14:57:51 [org.hibernate.cfg.SettingsFactory]-[INFO] RDBMS: MySQL, version: 5.0.22-community-nt
2009-04-27 14:57:51 [org.hibernate.cfg.SettingsFactory]-[INFO] JDBC driver: MySQL-AB JDBC Driver, version: mysql-connector-java-5.1.6 ( Revision: ${svn.Revision} )
2009-04-27 14:57:51 [org.hibernate.dialect.Dialect]-[INFO] Using dialect: org.hibernate.dialect.MySQLDialect
2009-04-27 14:57:51 [org.hibernate.transaction.TransactionFactoryFactory]-[INFO] Using default transaction strategy (direct JDBC transactions)
2009-04-27 14:57:51 [org.hibernate.transaction.TransactionManagerLookupFactory]-[INFO] No TransactionManagerLookup configured (in JTA environment, use of read-write or transactional second-level cache is not recommended)
2009-04-27 14:57:51 [org.hibernate.cfg.SettingsFactory]-[INFO] Automatic flush during beforeCompletion(): disabled
2009-04-27 14:57:51 [org.hibernate.cfg.SettingsFactory]-[INFO] Automatic session close at end of transaction: disabled
2009-04-27 14:57:51 [org.hibernate.cfg.SettingsFactory]-[INFO] JDBC batch size: 15
2009-04-27 14:57:51 [org.hibernate.cfg.SettingsFactory]-[INFO] JDBC batch updates for versioned data: disabled
2009-04-27 14:57:51 [org.hibernate.cfg.SettingsFactory]-[INFO] Scrollable result sets: enabled
2009-04-27 14:57:51 [org.hibernate.cfg.SettingsFactory]-[INFO] JDBC3 getGeneratedKeys(): enabled
2009-04-27 14:57:51 [org.hibernate.cfg.SettingsFactory]-[INFO] Connection release mode: auto
2009-04-27 14:57:51 [org.hibernate.cfg.SettingsFactory]-[INFO] Maximum outer join fetch depth: 2
2009-04-27 14:57:51 [org.hibernate.cfg.SettingsFactory]-[INFO] Default batch fetch size: 1
2009-04-27 14:57:51 [org.hibernate.cfg.SettingsFactory]-[INFO] Generate SQL with comments: disabled
2009-04-27 14:57:51 [org.hibernate.cfg.SettingsFactory]-[INFO] Order SQL updates by primary key: disabled
2009-04-27 14:57:51 [org.hibernate.cfg.SettingsFactory]-[INFO] Order SQL inserts for batching: disabled
2009-04-27 14:57:51 [org.hibernate.cfg.SettingsFactory]-[INFO] Query translator: org.hibernate.hql.ast.ASTQueryTranslatorFactory
2009-04-27 14:57:51 [org.hibernate.hql.ast.ASTQueryTranslatorFactory]-[INFO] Using ASTQueryTranslatorFactory
2009-04-27 14:57:51 [org.hibernate.cfg.SettingsFactory]-[INFO] Query language substitutions: {}
2009-04-27 14:57:51 [org.hibernate.cfg.SettingsFactory]-[INFO] JPA-QL strict compliance: disabled
2009-04-27 14:57:51 [org.hibernate.cfg.SettingsFactory]-[INFO] Second-level cache: enabled
2009-04-27 14:57:51 [org.hibernate.cfg.SettingsFactory]-[INFO] Query cache: disabled
2009-04-27 14:57:51 [org.hibernate.cfg.SettingsFactory]-[INFO] Cache provider: org.hibernate.cache.NoCacheProvider
2009-04-27 14:57:51 [org.hibernate.cfg.SettingsFactory]-[INFO] Optimize cache for minimal puts: disabled
2009-04-27 14:57:51 [org.hibernate.cfg.SettingsFactory]-[INFO] Structured second-level cache entries: disabled
2009-04-27 14:57:51 [org.hibernate.cfg.SettingsFactory]-[INFO] Echoing all SQL to stdout
2009-04-27 14:57:51 [org.hibernate.cfg.SettingsFactory]-[INFO] Statistics: disabled
2009-04-27 14:57:51 [org.hibernate.cfg.SettingsFactory]-[INFO] Deleted entity synthetic identifier rollback: disabled
2009-04-27 14:57:51 [org.hibernate.cfg.SettingsFactory]-[INFO] Default entity-mode: pojo
2009-04-27 14:57:51 [org.hibernate.cfg.SettingsFactory]-[INFO] Named query checking : enabled
2009-04-27 14:57:51 [org.hibernate.impl.SessionFactoryImpl]-[INFO] building session factory
2009-04-27 14:57:52 [org.hibernate.impl.SessionFactoryObjectFactory]-[INFO] Not binding factory to JNDI, no JNDI name configured
2009-04-27 14:59:04 [net.sourceforge.stripes.validation.expression.ExpressionValidator]-[INFO] Expression validation will be performed using: net.sourceforge.stripes.validation.expression.Jsp21ExpressionExecutor
2009-04-27 14:59:05 [org.hibernate.cfg.annotations.Version]-[INFO] Hibernate Annotations 3.3.1.GA
2009-04-27 14:59:05 [org.hibernate.cfg.Environment]-[INFO] Hibernate 3.2.5
2009-04-27 14:59:05 [org.hibernate.cfg.Environment]-[INFO] hibernate.properties not found
2009-04-27 14:59:05 [org.hibernate.cfg.Environment]-[INFO] Bytecode provider name : cglib
2009-04-27 14:59:05 [org.hibernate.cfg.Environment]-[INFO] using JDK 1.4 java.sql.Timestamp handling
2009-04-27 14:59:05 [org.hibernate.cfg.Configuration]-[INFO] configuring from resource: /hibernate.cfg.xml
2009-04-27 14:59:05 [org.hibernate.cfg.Configuration]-[INFO] Configuration resource: /hibernate.cfg.xml
2009-04-27 14:59:06 [org.hibernate.cfg.Configuration]-[INFO] Configured SessionFactory: null
2009-04-27 14:59:06 [org.hibernate.cfg.AnnotationBinder]-[INFO] Binding entity from annotated class: com.autopertdiagram.pojo.User
2009-04-27 14:59:06 [org.hibernate.cfg.annotations.EntityBinder]-[INFO] Bind entity com.autopertdiagram.pojo.User on table user
2009-04-27 14:59:06 [org.hibernate.cfg.AnnotationBinder]-[INFO] Binding entity from annotated class: com.autopertdiagram.pojo.Process
2009-04-27 14:59:06 [org.hibernate.cfg.annotations.EntityBinder]-[INFO] Bind entity com.autopertdiagram.pojo.Process on table process
2009-04-27 14:59:06 [org.hibernate.cfg.AnnotationBinder]-[INFO] Binding entity from annotated class: com.autopertdiagram.pojo.Project
2009-04-27 14:59:06 [org.hibernate.cfg.annotations.EntityBinder]-[INFO] Bind entity com.autopertdiagram.pojo.Project on table project
2009-04-27 14:59:06 [org.hibernate.cfg.AnnotationBinder]-[INFO] Binding entity from annotated class: com.autopertdiagram.pojo.Node
2009-04-27 14:59:06 [org.hibernate.cfg.annotations.EntityBinder]-[INFO] Bind entity com.autopertdiagram.pojo.Node on table node
2009-04-27 14:59:06 [org.hibernate.cfg.AnnotationBinder]-[INFO] Binding entity from annotated class: com.autopertdiagram.pojo.Prerelation
2009-04-27 14:59:06 [org.hibernate.cfg.annotations.EntityBinder]-[INFO] Bind entity com.autopertdiagram.pojo.Prerelation on table prerelation
2009-04-27 14:59:06 [org.hibernate.cfg.annotations.CollectionBinder]-[INFO] Mapping collection: com.autopertdiagram.pojo.Process.prerelationsForPreProcess -> prerelation
2009-04-27 14:59:06 [org.hibernate.cfg.annotations.CollectionBinder]-[INFO] Mapping collection: com.autopertdiagram.pojo.Process.prerelationsForProcess -> prerelation
2009-04-27 14:59:06 [org.hibernate.cfg.annotations.CollectionBinder]-[INFO] Mapping collection: com.autopertdiagram.pojo.Project.processes -> process
2009-04-27 14:59:06 [org.hibernate.cfg.annotations.CollectionBinder]-[INFO] Mapping collection: com.autopertdiagram.pojo.Node.processesForSourceNode -> process
2009-04-27 14:59:06 [org.hibernate.cfg.annotations.CollectionBinder]-[INFO] Mapping collection: com.autopertdiagram.pojo.Node.processesForTargetNode -> process
2009-04-27 14:59:06 [org.hibernate.validator.Version]-[INFO] Hibernate Validator 3.0.0.GA
2009-04-27 14:59:06 [org.hibernate.connection.DriverManagerConnectionProvider]-[INFO] Using Hibernate built-in connection pool (not for production use!)
2009-04-27 14:59:06 [org.hibernate.connection.DriverManagerConnectionProvider]-[INFO] Hibernate connection pool size: 20
2009-04-27 14:59:06 [org.hibernate.connection.DriverManagerConnectionProvider]-[INFO] autocommit mode: false
2009-04-27 14:59:06 [org.hibernate.connection.DriverManagerConnectionProvider]-[INFO] using driver: com.mysql.jdbc.Driver at URL: jdbc:mysql://localhost:3306/autopertdiagram
2009-04-27 14:59:06 [org.hibernate.connection.DriverManagerConnectionProvider]-[INFO] connection properties: {user=root, password=****}
2009-04-27 14:59:06 [org.hibernate.cfg.SettingsFactory]-[INFO] RDBMS: MySQL, version: 5.0.22-community-nt
2009-04-27 14:59:06 [org.hibernate.cfg.SettingsFactory]-[INFO] JDBC driver: MySQL-AB JDBC Driver, version: mysql-connector-java-5.1.6 ( Revision: ${svn.Revision} )
2009-04-27 14:59:06 [org.hibernate.dialect.Dialect]-[INFO] Using dialect: org.hibernate.dialect.MySQLDialect
2009-04-27 14:59:06 [org.hibernate.transaction.TransactionFactoryFactory]-[INFO] Using default transaction strategy (direct JDBC transactions)
2009-04-27 14:59:06 [org.hibernate.transaction.TransactionManagerLookupFactory]-[INFO] No TransactionManagerLookup configured (in JTA environment, use of read-write or transactional second-level cache is not recommended)
2009-04-27 14:59:06 [org.hibernate.cfg.SettingsFactory]-[INFO] Automatic flush during beforeCompletion(): disabled
2009-04-27 14:59:06 [org.hibernate.cfg.SettingsFactory]-[INFO] Automatic session close at end of transaction: disabled
2009-04-27 14:59:06 [org.hibernate.cfg.SettingsFactory]-[INFO] JDBC batch size: 15
2009-04-27 14:59:06 [org.hibernate.cfg.SettingsFactory]-[INFO] JDBC batch updates for versioned data: disabled
2009-04-27 14:59:06 [org.hibernate.cfg.SettingsFactory]-[INFO] Scrollable result sets: enabled
2009-04-27 14:59:06 [org.hibernate.cfg.SettingsFactory]-[INFO] JDBC3 getGeneratedKeys(): enabled
2009-04-27 14:59:06 [org.hibernate.cfg.SettingsFactory]-[INFO] Connection release mode: auto
2009-04-27 14:59:06 [org.hibernate.cfg.SettingsFactory]-[INFO] Maximum outer join fetch depth: 2
2009-04-27 14:59:06 [org.hibernate.cfg.SettingsFactory]-[INFO] Default batch fetch size: 1
2009-04-27 14:59:06 [org.hibernate.cfg.SettingsFactory]-[INFO] Generate SQL with comments: disabled
2009-04-27 14:59:06 [org.hibernate.cfg.SettingsFactory]-[INFO] Order SQL updates by primary key: disabled
2009-04-27 14:59:06 [org.hibernate.cfg.SettingsFactory]-[INFO] Order SQL inserts for batching: disabled
2009-04-27 14:59:06 [org.hibernate.cfg.SettingsFactory]-[INFO] Query translator: org.hibernate.hql.ast.ASTQueryTranslatorFactory
2009-04-27 14:59:06 [org.hibernate.hql.ast.ASTQueryTranslatorFactory]-[INFO] Using ASTQueryTranslatorFactory
2009-04-27 14:59:06 [org.hibernate.cfg.SettingsFactory]-[INFO] Query language substitutions: {}
2009-04-27 14:59:06 [org.hibernate.cfg.SettingsFactory]-[INFO] JPA-QL strict compliance: disabled
2009-04-27 14:59:06 [org.hibernate.cfg.SettingsFactory]-[INFO] Second-level cache: enabled
2009-04-27 14:59:06 [org.hibernate.cfg.SettingsFactory]-[INFO] Query cache: disabled
2009-04-27 14:59:06 [org.hibernate.cfg.SettingsFactory]-[INFO] Cache provider: org.hibernate.cache.NoCacheProvider
2009-04-27 14:59:06 [org.hibernate.cfg.SettingsFactory]-[INFO] Optimize cache for minimal puts: disabled
2009-04-27 14:59:06 [org.hibernate.cfg.SettingsFactory]-[INFO] Structured second-level cache entries: disabled
2009-04-27 14:59:06 [org.hibernate.cfg.SettingsFactory]-[INFO] Echoing all SQL to stdout
2009-04-27 14:59:06 [org.hibernate.cfg.SettingsFactory]-[INFO] Statistics: disabled
2009-04-27 14:59:06 [org.hibernate.cfg.SettingsFactory]-[INFO] Deleted entity synthetic identifier rollback: disabled
2009-04-27 14:59:06 [org.hibernate.cfg.SettingsFactory]-[INFO] Default entity-mode: pojo
2009-04-27 14:59:06 [org.hibernate.cfg.SettingsFactory]-[INFO] Named query checking : enabled
2009-04-27 14:59:06 [org.hibernate.impl.SessionFactoryImpl]-[INFO] building session factory
2009-04-27 14:59:07 [org.hibernate.impl.SessionFactoryObjectFactory]-[INFO] Not binding factory to JNDI, no JNDI name configured
